<!DOCTYPE html PUBLIC "-//W3C//DTD XHTML 1.1//EN" "http://www.w3.org/TR/xhtml11/DTD/xhtml11.dtd">
<html xmlns="http://www.w3.org/1999/xhtml">
<head>
<meta http-equiv="content-type" content="text/html; charset=UTF-8"/>
<title>TestNG Report</title>
<style type="text/css">table {margin-bottom:10px;border-collapse:collapse;empty-cells:show}th,td {border:1px solid #009;padding:.25em .5em}th {vertical-align:bottom}td {vertical-align:top}table a {font-weight:bold}.stripe td {background-color: #E6EBF9}.num {text-align:right}.passedodd td {background-color: #3F3}.passedeven td {background-color: #0A0}.skippedodd td {background-color: #DDD}.skippedeven td {background-color: #CCC}.failedodd td,.attn {background-color: #F33}.failedeven td,.stripe .attn {background-color: #D00}.stacktrace {white-space:pre;font-family:monospace}.totop {font-size:85%;text-align:center;border-bottom:2px solid #000}.invisible {display:none}</style>
</head>
<body>
<table>
<tr><th>Test</th><th># Passed</th><th># Skipped</th><th># Failed</th><th>Time (ms)</th><th>Included Groups</th><th>Excluded Groups</th></tr>
<tr><th colspan="7">Suite</th></tr>
<tr><td><a href="#t0">ChromeTest</a></td><td class="num">2</td><td class="num">0</td><td class="num attn">1</td><td class="num">73,788</td><td></td><td></td></tr>
<tr class="stripe"><td><a href="#t1">firefoxTest</a></td><td class="num">1</td><td class="num">0</td><td class="num attn">2</td><td class="num">77,098</td><td></td><td></td></tr>
<tr><td><a href="#t2">IETest</a></td><td class="num">1</td><td class="num">0</td><td class="num attn">2</td><td class="num">183,718</td><td></td><td></td></tr>
<tr><th>Total</th><th class="num">4</th><th class="num">0</th><th class="num attn">5</th><th class="num">334,604</th><th colspan="2"></th></tr>
</table>
<table id='summary'><thead><tr><th>Class</th><th>Method</th><th>Start</th><th>Time (ms)</th></tr></thead><tbody><tr><th colspan="4">Suite</th></tr></tbody><tbody id="t0"><tr><th colspan="4">ChromeTest &#8212; failed</th></tr><tr class="failedeven"><td rowspan="1">Com.ActiTime.Tests.VerifyversionTest</td><td><a href="#m0">Verifyversion</a></td><td rowspan="1">1561529966750</td><td rowspan="1">139</td></tr><tr><th colspan="4">ChromeTest &#8212; passed</th></tr><tr class="passedeven"><td rowspan="1">Com.ActiTime.Tests.InvalidLoginTest</td><td><a href="#m1">InvalidLogin</a></td><td rowspan="1">1561529937882</td><td rowspan="1">14559</td></tr><tr class="passedodd"><td rowspan="1">Com.ActiTime.Tests.ValidLoginLogoutTest</td><td><a href="#m2">ValidLoginLogout</a></td><td rowspan="1">1561529914113</td><td rowspan="1">8799</td></tr></tbody>
<tbody id="t1"><tr><th colspan="4">firefoxTest &#8212; failed</th></tr><tr class="failedeven"><td rowspan="1">Com.ActiTime.Tests.ValidLoginLogoutTest</td><td><a href="#m3">ValidLoginLogout</a></td><td rowspan="1">1561529915261</td><td rowspan="1">6324</td></tr><tr class="failedodd"><td rowspan="1">Com.ActiTime.Tests.VerifyversionTest</td><td><a href="#m4">Verifyversion</a></td><td rowspan="1">1561529972041</td><td rowspan="1">152</td></tr><tr><th colspan="4">firefoxTest &#8212; passed</th></tr><tr class="passedeven"><td rowspan="1">Com.ActiTime.Tests.InvalidLoginTest</td><td><a href="#m5">InvalidLogin</a></td><td rowspan="1">1561529939869</td><td rowspan="1">14669</td></tr></tbody>
<tbody id="t2"><tr><th colspan="4">IETest &#8212; failed</th></tr><tr class="failedeven"><td rowspan="1">Com.ActiTime.Tests.InvalidLoginTest</td><td><a href="#m6">InvalidLogin</a></td><td rowspan="1">1561529992159</td><td rowspan="1">82144</td></tr><tr class="failedodd"><td rowspan="1">Com.ActiTime.Tests.VerifyversionTest</td><td><a href="#m7">Verifyversion</a></td><td rowspan="1">1561530079016</td><td rowspan="1">563</td></tr><tr><th colspan="4">IETest &#8212; passed</th></tr><tr class="passedeven"><td rowspan="1">Com.ActiTime.Tests.ValidLoginLogoutTest</td><td><a href="#m8">ValidLoginLogout</a></td><td rowspan="1">1561529912666</td><td rowspan="1">74997</td></tr></tbody>
</table>
<h2>ChromeTest</h2><h3 id="m0">Com.ActiTime.Tests.VerifyversionTest#Verifyversion</h3><table class="result"><tr><th>Messages</th></tr><tr><td><div class="messages">Title is matching actiTIME - Login<br/>Element is present...<br/>version actiTIME 2019.3 Pro</div></td></tr><tr><th>Exception</th></tr><tr><td><div class="stacktrace">java.lang.AssertionError: The following asserts failed:
	expected [actiTIME 2019.2 Pro] but found [actiTIME 2019.3 Pro]
	at Com.ActiTime.Tests.VerifyversionTest.Verifyversion(VerifyversionTest.java:24)
	at java.util.concurrent.FutureTask.run(Unknown Source)
	at java.util.concurrent.ThreadPoolExecutor.runWorker(Unknown Source)
	at java.util.concurrent.ThreadPoolExecutor$Worker.run(Unknown Source)
	at java.lang.Thread.run(Unknown Source)
... Removed 17 stack frames</div></td></tr></table><p class="totop"><a href="#summary">back to summary</a></p>
<h3 id="m1">Com.ActiTime.Tests.InvalidLoginTest#InvalidLogin</h3><table class="result"><tr><th>Messages</th></tr><tr><td><div class="messages">Title is matching actiTIME - Login<br/>User name admin<br/>Password damager<br/>Element is present...<br/>===================================<br/>User name qsp<br/>Password jsp<br/>Element is present...<br/>===================================<br/>User name 45<br/>Password a<br/>Element is present...<br/>===================================<br/>User name a<br/>Password @<br/>Element is present...<br/>===================================<br/>User name 1<br/>Password 2<br/>Element is present...<br/>===================================</div></td></tr></table><p class="totop"><a href="#summary">back to summary</a></p>
<h3 id="m2">Com.ActiTime.Tests.ValidLoginLogoutTest#ValidLoginLogout</h3><table class="result"><tr><th>Messages</th></tr><tr><td><div class="messages">Title is matching actiTIME - Login<br/>Title is matching actiTIME - Enter Time-Track<br/>Title is matching actiTIME - Login</div></td></tr></table><p class="totop"><a href="#summary">back to summary</a></p>
<h2>firefoxTest</h2><h3 id="m3">Com.ActiTime.Tests.ValidLoginLogoutTest#ValidLoginLogout</h3><table class="result"><tr><th>Messages</th></tr><tr><td><div class="messages">Title is matching actiTIME - Login<br/>Title is matching actiTIME - Enter Time-Track</div></td></tr><tr><th>Exception</th></tr><tr><td><div class="stacktrace">org.openqa.selenium.ElementClickInterceptedException: Element &lt;a id=&quot;logoutLink&quot; class=&quot;logout&quot; href=&quot;/logout.do&quot;&gt; is not clickable at point (1309,17) because another element &lt;div id=&quot;preInsertedTransformedMoireId&quot; class=&quot;transformedMoireClass&quot;&gt; obscures it
Build info: version: &apos;3.141.59&apos;, revision: &apos;e82be7d358&apos;, time: &apos;2018-11-14T08:25:53&apos;
System info: host: &apos;DESKTOP-488FP15&apos;, ip: &apos;192.168.1.22&apos;, os.name: &apos;Windows 10&apos;, os.arch: &apos;amd64&apos;, os.version: &apos;10.0&apos;, java.version: &apos;1.8.0_201&apos;
Driver info: org.openqa.selenium.remote.RemoteWebDriver
Capabilities {acceptInsecureCerts: false, browserName: firefox, browserVersion: 67.0.4, javascriptEnabled: true, moz:accessibilityChecks: false, moz:buildID: 20190619235627, moz:geckodriverVersion: 0.24.0, moz:headless: false, moz:processID: 8320, moz:profile: C:\Users\APM-SYSTEM\AppData..., moz:shutdownTimeout: 60000, moz:useNonSpecCompliantPointerOrigin: false, moz:webdriverClick: true, pageLoadStrategy: normal, platform: WINDOWS, platformName: WINDOWS, platformVersion: 10.0, rotatable: false, setWindowRect: true, strictFileInteractability: false, timeouts: {implicit: 0, pageLoad: 300000, script: 30000}, unhandledPromptBehavior: dismiss and notify, webdriver.remote.sessionid: b130b0a2-af6a-4cdd-8657-ff8...}
Session ID: b130b0a2-af6a-4cdd-8657-ff85c997f144
	at org.openqa.selenium.remote.http.W3CHttpResponseCodec.createException(W3CHttpResponseCodec.java:187)
	at org.openqa.selenium.remote.http.W3CHttpResponseCodec.decode(W3CHttpResponseCodec.java:122)
	at org.openqa.selenium.remote.http.W3CHttpResponseCodec.decode(W3CHttpResponseCodec.java:49)
	at org.openqa.selenium.remote.HttpCommandExecutor.execute(HttpCommandExecutor.java:158)
	at org.openqa.selenium.remote.RemoteWebDriver.execute(RemoteWebDriver.java:552)
	at org.openqa.selenium.remote.RemoteWebElement.execute(RemoteWebElement.java:285)
	at org.openqa.selenium.remote.RemoteWebElement.click(RemoteWebElement.java:84)
	at org.openqa.selenium.support.pagefactory.internal.LocatingElementHandler.invoke(LocatingElementHandler.java:51)
	at com.sun.proxy.$Proxy9.click(Unknown Source)
	at Com.ActiTime.Pages.actiTIMEEnterTimeTrackPage.clickOnLogoutButton(actiTIMEEnterTimeTrackPage.java:23)
	at Com.ActiTime.Tests.ValidLoginLogoutTest.ValidLoginLogout(ValidLoginLogoutTest.java:26)
	at java.util.concurrent.FutureTask.run(Unknown Source)
	at java.util.concurrent.ThreadPoolExecutor.runWorker(Unknown Source)
	at java.util.concurrent.ThreadPoolExecutor$Worker.run(Unknown Source)
	at java.lang.Thread.run(Unknown Source)
... Removed 24 stack frames</div></td></tr></table><p class="totop"><a href="#summary">back to summary</a></p>
<h3 id="m4">Com.ActiTime.Tests.VerifyversionTest#Verifyversion</h3><table class="result"><tr><th>Messages</th></tr><tr><td><div class="messages">Title is matching actiTIME - Login<br/>Element is present...<br/>version actiTIME 2019.3 Pro</div></td></tr><tr><th>Exception</th></tr><tr><td><div class="stacktrace">java.lang.AssertionError: The following asserts failed:
	expected [actiTIME 2019.2 Pro] but found [actiTIME 2019.3 Pro]
	at Com.ActiTime.Tests.VerifyversionTest.Verifyversion(VerifyversionTest.java:24)
	at java.util.concurrent.FutureTask.run(Unknown Source)
	at java.util.concurrent.ThreadPoolExecutor.runWorker(Unknown Source)
	at java.util.concurrent.ThreadPoolExecutor$Worker.run(Unknown Source)
	at java.lang.Thread.run(Unknown Source)
... Removed 17 stack frames</div></td></tr></table><p class="totop"><a href="#summary">back to summary</a></p>
<h3 id="m5">Com.ActiTime.Tests.InvalidLoginTest#InvalidLogin</h3><table class="result"><tr><th>Messages</th></tr><tr><td><div class="messages">Title is matching actiTIME - Login<br/>User name admin<br/>Password damager<br/>Element is present...<br/>===================================<br/>User name qsp<br/>Password jsp<br/>Element is present...<br/>===================================<br/>User name 45<br/>Password a<br/>Element is present...<br/>===================================<br/>User name a<br/>Password @<br/>Element is present...<br/>===================================<br/>User name 1<br/>Password 2<br/>Element is present...<br/>===================================</div></td></tr></table><p class="totop"><a href="#summary">back to summary</a></p>
<h2>IETest</h2><h3 id="m6">Com.ActiTime.Tests.InvalidLoginTest#InvalidLogin</h3><table class="result"><tr><th>Messages</th></tr><tr><td><div class="messages">Title is matching actiTIME - Login<br/>User name admin<br/>Password damager<br/>Element is not  present...</div></td></tr><tr><th>Exception</th></tr><tr><td><div class="stacktrace">java.lang.AssertionError: null
	at Com.ActiTime.Generic.BasePage.verifyElement(BasePage.java:42)
	at Com.ActiTime.Pages.actiTIMELoginPage.verifyErrorMsg(actiTIMELoginPage.java:39)
	at Com.ActiTime.Tests.InvalidLoginTest.InvalidLogin(InvalidLoginTest.java:30)
	at java.util.concurrent.FutureTask.run(Unknown Source)
	at java.util.concurrent.ThreadPoolExecutor.runWorker(Unknown Source)
	at java.util.concurrent.ThreadPoolExecutor$Worker.run(Unknown Source)
	at java.lang.Thread.run(Unknown Source)
... Removed 18 stack frames</div></td></tr></table><p class="totop"><a href="#summary">back to summary</a></p>
<h3 id="m7">Com.ActiTime.Tests.VerifyversionTest#Verifyversion</h3><table class="result"><tr><th>Messages</th></tr><tr><td><div class="messages">Title is matching actiTIME - Login<br/>Element is present...<br/>version actiTIME 2019.3 Pro</div></td></tr><tr><th>Exception</th></tr><tr><td><div class="stacktrace">java.lang.AssertionError: The following asserts failed:
	expected [actiTIME 2019.2 Pro] but found [actiTIME 2019.3 Pro]
	at Com.ActiTime.Tests.VerifyversionTest.Verifyversion(VerifyversionTest.java:24)
	at java.util.concurrent.FutureTask.run(Unknown Source)
	at java.util.concurrent.ThreadPoolExecutor.runWorker(Unknown Source)
	at java.util.concurrent.ThreadPoolExecutor$Worker.run(Unknown Source)
	at java.lang.Thread.run(Unknown Source)
... Removed 17 stack frames</div></td></tr></table><p class="totop"><a href="#summary">back to summary</a></p>
<h3 id="m8">Com.ActiTime.Tests.ValidLoginLogoutTest#ValidLoginLogout</h3><table class="result"><tr><th>Messages</th></tr><tr><td><div class="messages">Title is matching actiTIME - Login<br/>Title is matching actiTIME - Enter Time-Track<br/>Title is matching actiTIME - Login</div></td></tr></table><p class="totop"><a href="#summary">back to summary</a></p>
</body>
</html>
