<?xml version="1.0" encoding="UTF-8"?>
<testng-results skipped="0" failed="5" ignored="0" total="9" passed="4">
  <reporter-output>
    <line>
      <![CDATA[Title is matching actiTIME - Login]]>
    </line>
    <line>
      <![CDATA[Title is matching actiTIME - Login]]>
    </line>
    <line>
      <![CDATA[Title is matching actiTIME - Login]]>
    </line>
    <line>
      <![CDATA[Title is matching actiTIME - Enter Time-Track]]>
    </line>
    <line>
      <![CDATA[Title is matching actiTIME - Enter Time-Track]]>
    </line>
    <line>
      <![CDATA[Title is matching actiTIME - Login]]>
    </line>
    <line>
      <![CDATA[Title is matching actiTIME - Login]]>
    </line>
    <line>
      <![CDATA[User name admin]]>
    </line>
    <line>
      <![CDATA[Password damager]]>
    </line>
    <line>
      <![CDATA[Title is matching actiTIME - Login]]>
    </line>
    <line>
      <![CDATA[User name admin]]>
    </line>
    <line>
      <![CDATA[Password damager]]>
    </line>
    <line>
      <![CDATA[Element is present...]]>
    </line>
    <line>
      <![CDATA[===================================]]>
    </line>
    <line>
      <![CDATA[Element is present...]]>
    </line>
    <line>
      <![CDATA[===================================]]>
    </line>
    <line>
      <![CDATA[User name qsp]]>
    </line>
    <line>
      <![CDATA[Password jsp]]>
    </line>
    <line>
      <![CDATA[Element is present...]]>
    </line>
    <line>
      <![CDATA[===================================]]>
    </line>
    <line>
      <![CDATA[User name qsp]]>
    </line>
    <line>
      <![CDATA[Password jsp]]>
    </line>
    <line>
      <![CDATA[Element is present...]]>
    </line>
    <line>
      <![CDATA[===================================]]>
    </line>
    <line>
      <![CDATA[User name 45]]>
    </line>
    <line>
      <![CDATA[Password a]]>
    </line>
    <line>
      <![CDATA[Element is present...]]>
    </line>
    <line>
      <![CDATA[===================================]]>
    </line>
    <line>
      <![CDATA[User name 45]]>
    </line>
    <line>
      <![CDATA[Password a]]>
    </line>
    <line>
      <![CDATA[Element is present...]]>
    </line>
    <line>
      <![CDATA[===================================]]>
    </line>
    <line>
      <![CDATA[User name a]]>
    </line>
    <line>
      <![CDATA[Password @]]>
    </line>
    <line>
      <![CDATA[Element is present...]]>
    </line>
    <line>
      <![CDATA[===================================]]>
    </line>
    <line>
      <![CDATA[User name a]]>
    </line>
    <line>
      <![CDATA[Password @]]>
    </line>
    <line>
      <![CDATA[Element is present...]]>
    </line>
    <line>
      <![CDATA[===================================]]>
    </line>
    <line>
      <![CDATA[User name 1]]>
    </line>
    <line>
      <![CDATA[Password 2]]>
    </line>
    <line>
      <![CDATA[Element is present...]]>
    </line>
    <line>
      <![CDATA[===================================]]>
    </line>
    <line>
      <![CDATA[User name 1]]>
    </line>
    <line>
      <![CDATA[Password 2]]>
    </line>
    <line>
      <![CDATA[Element is present...]]>
    </line>
    <line>
      <![CDATA[===================================]]>
    </line>
    <line>
      <![CDATA[Title is matching actiTIME - Login]]>
    </line>
    <line>
      <![CDATA[Element is present...]]>
    </line>
    <line>
      <![CDATA[version actiTIME 2019.3 Pro]]>
    </line>
    <line>
      <![CDATA[Title is matching actiTIME - Login]]>
    </line>
    <line>
      <![CDATA[Element is present...]]>
    </line>
    <line>
      <![CDATA[version actiTIME 2019.3 Pro]]>
    </line>
    <line>
      <![CDATA[Title is matching actiTIME - Enter Time-Track]]>
    </line>
    <line>
      <![CDATA[Title is matching actiTIME - Login]]>
    </line>
    <line>
      <![CDATA[Title is matching actiTIME - Login]]>
    </line>
    <line>
      <![CDATA[User name admin]]>
    </line>
    <line>
      <![CDATA[Password damager]]>
    </line>
    <line>
      <![CDATA[Element is not  present...]]>
    </line>
    <line>
      <![CDATA[Title is matching actiTIME - Login]]>
    </line>
    <line>
      <![CDATA[Element is present...]]>
    </line>
    <line>
      <![CDATA[version actiTIME 2019.3 Pro]]>
    </line>
  </reporter-output>
  <suite name="Suite" duration-ms="183718" started-at="2019-06-26T06:18:15Z" finished-at="2019-06-26T06:21:19Z">
    <groups>
    </groups>
    <test name="ChromeTest" duration-ms="73788" started-at="2019-06-26T06:18:15Z" finished-at="2019-06-26T06:19:29Z">
      <class name="Com.ActiTime.Tests.ValidLoginLogoutTest">
        <test-method status="PASS" signature="precondition(java.lang.String, java.lang.String, java.lang.String)[pri:0, instance:Com.ActiTime.Tests.ValidLoginLogoutTest@6833ce2c]" name="precondition" is-config="true" duration-ms="18144" started-at="2019-06-26T06:18:15Z" finished-at="2019-06-26T06:18:34Z">
          <params>
            <param index="0">
              <value>
                <![CDATA[http://192.168.1.22:4444/wd/hub]]>
              </value>
            </param>
            <param index="1">
              <value>
                <![CDATA[chrome]]>
              </value>
            </param>
            <param index="2">
              <value>
                <![CDATA[https://demo.actitime.com]]>
              </value>
            </param>
          </params>
          <reporter-output>
          </reporter-output>
        </test-method> <!-- precondition -->
        <test-method status="PASS" signature="ValidLoginLogout()[pri:1, instance:Com.ActiTime.Tests.ValidLoginLogoutTest@6833ce2c]" name="ValidLoginLogout" duration-ms="8799" started-at="2019-06-26T06:18:34Z" finished-at="2019-06-26T06:18:42Z">
          <reporter-output>
            <line>
              <![CDATA[Title is matching actiTIME - Login]]>
            </line>
            <line>
              <![CDATA[Title is matching actiTIME - Enter Time-Track]]>
            </line>
            <line>
              <![CDATA[Title is matching actiTIME - Login]]>
            </line>
          </reporter-output>
        </test-method> <!-- ValidLoginLogout -->
        <test-method status="PASS" signature="postcondition(org.testng.ITestResult)[pri:0, instance:Com.ActiTime.Tests.ValidLoginLogoutTest@6833ce2c]" name="postcondition" is-config="true" duration-ms="169" started-at="2019-06-26T06:18:42Z" finished-at="2019-06-26T06:18:43Z">
          <params>
            <param index="0">
              <value>
                <![CDATA[[TestResult name=ValidLoginLogout status=SUCCESS method=ValidLoginLogoutTest.ValidLoginLogout()[pri:1, instance:Com.ActiTime.Tests.ValidLoginLogoutTest@6833ce2c] output=Title is matching actiTIME - Login]]]>
              </value>
            </param>
          </params>
          <reporter-output>
          </reporter-output>
        </test-method> <!-- postcondition -->
      </class> <!-- Com.ActiTime.Tests.ValidLoginLogoutTest -->
      <class name="Com.ActiTime.Tests.VerifyversionTest">
        <test-method status="PASS" signature="precondition(java.lang.String, java.lang.String, java.lang.String)[pri:0, instance:Com.ActiTime.Tests.VerifyversionTest@725bef66]" name="precondition" is-config="true" duration-ms="14164" started-at="2019-06-26T06:19:12Z" finished-at="2019-06-26T06:19:26Z">
          <params>
            <param index="0">
              <value>
                <![CDATA[http://192.168.1.22:4444/wd/hub]]>
              </value>
            </param>
            <param index="1">
              <value>
                <![CDATA[chrome]]>
              </value>
            </param>
            <param index="2">
              <value>
                <![CDATA[https://demo.actitime.com]]>
              </value>
            </param>
          </params>
          <reporter-output>
          </reporter-output>
        </test-method> <!-- precondition -->
        <test-method status="FAIL" signature="Verifyversion()[pri:3, instance:Com.ActiTime.Tests.VerifyversionTest@725bef66]" name="Verifyversion" duration-ms="139" started-at="2019-06-26T06:19:26Z" finished-at="2019-06-26T06:19:26Z">
          <exception class="java.lang.AssertionError">
            <message>
              <![CDATA[The following asserts failed:
expected [actiTIME 2019.2 Pro] but found [actiTIME 2019.3 Pro]]]>
            </message>
            <full-stacktrace>
              <![CDATA[java.lang.AssertionError: The following asserts failed:
expected [actiTIME 2019.2 Pro] but found [actiTIME 2019.3 Pro]
at org.testng.asserts.SoftAssert.assertAll(SoftAssert.java:43)
at Com.ActiTime.Tests.VerifyversionTest.Verifyversion(VerifyversionTest.java:24)
at sun.reflect.NativeMethodAccessorImpl.invoke0(Native Method)
at sun.reflect.NativeMethodAccessorImpl.invoke(Unknown Source)
at sun.reflect.DelegatingMethodAccessorImpl.invoke(Unknown Source)
at java.lang.reflect.Method.invoke(Unknown Source)
at org.testng.internal.MethodInvocationHelper.invokeMethod(MethodInvocationHelper.java:124)
at org.testng.internal.Invoker.invokeMethod(Invoker.java:580)
at org.testng.internal.Invoker.invokeTestMethod(Invoker.java:716)
at org.testng.internal.Invoker.invokeTestMethods(Invoker.java:988)
at org.testng.internal.TestMethodWorker.invokeTestMethods(TestMethodWorker.java:125)
at org.testng.internal.TestMethodWorker.run(TestMethodWorker.java:109)
at org.testng.TestRunner.privateRun(TestRunner.java:648)
at org.testng.TestRunner.run(TestRunner.java:505)
at org.testng.SuiteRunner.runTest(SuiteRunner.java:455)
at org.testng.SuiteRunner.access$000(SuiteRunner.java:40)
at org.testng.SuiteRunner$SuiteWorker.run(SuiteRunner.java:489)
at org.testng.internal.thread.ThreadUtil$1.call(ThreadUtil.java:52)
at java.util.concurrent.FutureTask.run(Unknown Source)
at java.util.concurrent.ThreadPoolExecutor.runWorker(Unknown Source)
at java.util.concurrent.ThreadPoolExecutor$Worker.run(Unknown Source)
at java.lang.Thread.run(Unknown Source)
]]>
            </full-stacktrace>
          </exception> <!-- java.lang.AssertionError -->
          <reporter-output>
            <line>
              <![CDATA[Title is matching actiTIME - Login]]>
            </line>
            <line>
              <![CDATA[Element is present...]]>
            </line>
            <line>
              <![CDATA[version actiTIME 2019.3 Pro]]>
            </line>
          </reporter-output>
        </test-method> <!-- Verifyversion -->
        <test-method status="PASS" signature="postcondition(org.testng.ITestResult)[pri:0, instance:Com.ActiTime.Tests.VerifyversionTest@725bef66]" name="postcondition" is-config="true" duration-ms="2852" started-at="2019-06-26T06:19:26Z" finished-at="2019-06-26T06:19:29Z">
          <params>
            <param index="0">
              <value>
                <![CDATA[[TestResult name=Verifyversion status=FAILURE method=VerifyversionTest.Verifyversion()[pri:3, instance:Com.ActiTime.Tests.VerifyversionTest@725bef66] output=Title is matching actiTIME - Login]]]>
              </value>
            </param>
          </params>
          <reporter-output>
          </reporter-output>
        </test-method> <!-- postcondition -->
      </class> <!-- Com.ActiTime.Tests.VerifyversionTest -->
      <class name="Com.ActiTime.Tests.InvalidLoginTest">
        <test-method status="PASS" signature="precondition(java.lang.String, java.lang.String, java.lang.String)[pri:0, instance:Com.ActiTime.Tests.InvalidLoginTest@6ad5c04e]" name="precondition" is-config="true" duration-ms="14800" started-at="2019-06-26T06:18:43Z" finished-at="2019-06-26T06:18:57Z">
          <params>
            <param index="0">
              <value>
                <![CDATA[http://192.168.1.22:4444/wd/hub]]>
              </value>
            </param>
            <param index="1">
              <value>
                <![CDATA[chrome]]>
              </value>
            </param>
            <param index="2">
              <value>
                <![CDATA[https://demo.actitime.com]]>
              </value>
            </param>
          </params>
          <reporter-output>
          </reporter-output>
        </test-method> <!-- precondition -->
        <test-method status="PASS" signature="InvalidLogin()[pri:2, instance:Com.ActiTime.Tests.InvalidLoginTest@6ad5c04e]" name="InvalidLogin" duration-ms="14559" started-at="2019-06-26T06:18:57Z" finished-at="2019-06-26T06:19:12Z">
          <reporter-output>
            <line>
              <![CDATA[Title is matching actiTIME - Login]]>
            </line>
            <line>
              <![CDATA[User name admin]]>
            </line>
            <line>
              <![CDATA[Password damager]]>
            </line>
            <line>
              <![CDATA[Element is present...]]>
            </line>
            <line>
              <![CDATA[===================================]]>
            </line>
            <line>
              <![CDATA[User name qsp]]>
            </line>
            <line>
              <![CDATA[Password jsp]]>
            </line>
            <line>
              <![CDATA[Element is present...]]>
            </line>
            <line>
              <![CDATA[===================================]]>
            </line>
            <line>
              <![CDATA[User name 45]]>
            </line>
            <line>
              <![CDATA[Password a]]>
            </line>
            <line>
              <![CDATA[Element is present...]]>
            </line>
            <line>
              <![CDATA[===================================]]>
            </line>
            <line>
              <![CDATA[User name a]]>
            </line>
            <line>
              <![CDATA[Password @]]>
            </line>
            <line>
              <![CDATA[Element is present...]]>
            </line>
            <line>
              <![CDATA[===================================]]>
            </line>
            <line>
              <![CDATA[User name 1]]>
            </line>
            <line>
              <![CDATA[Password 2]]>
            </line>
            <line>
              <![CDATA[Element is present...]]>
            </line>
            <line>
              <![CDATA[===================================]]>
            </line>
          </reporter-output>
        </test-method> <!-- InvalidLogin -->
        <test-method status="PASS" signature="postcondition(org.testng.ITestResult)[pri:0, instance:Com.ActiTime.Tests.InvalidLoginTest@6ad5c04e]" name="postcondition" is-config="true" duration-ms="144" started-at="2019-06-26T06:19:12Z" finished-at="2019-06-26T06:19:12Z">
          <params>
            <param index="0">
              <value>
                <![CDATA[[TestResult name=InvalidLogin status=SUCCESS method=InvalidLoginTest.InvalidLogin()[pri:2, instance:Com.ActiTime.Tests.InvalidLoginTest@6ad5c04e] output=Title is matching actiTIME - Login]]]>
              </value>
            </param>
          </params>
          <reporter-output>
          </reporter-output>
        </test-method> <!-- postcondition -->
      </class> <!-- Com.ActiTime.Tests.InvalidLoginTest -->
    </test> <!-- ChromeTest -->
    <test name="firefoxTest" duration-ms="77098" started-at="2019-06-26T06:18:15Z" finished-at="2019-06-26T06:19:33Z">
      <class name="Com.ActiTime.Tests.ValidLoginLogoutTest">
        <test-method status="PASS" signature="precondition(java.lang.String, java.lang.String, java.lang.String)[pri:0, instance:Com.ActiTime.Tests.ValidLoginLogoutTest@3f0ee7cb]" name="precondition" is-config="true" duration-ms="19292" started-at="2019-06-26T06:18:15Z" finished-at="2019-06-26T06:18:35Z">
          <params>
            <param index="0">
              <value>
                <![CDATA[http://192.168.1.22:4444/wd/hub]]>
              </value>
            </param>
            <param index="1">
              <value>
                <![CDATA[firefox]]>
              </value>
            </param>
            <param index="2">
              <value>
                <![CDATA[https://demo.actitime.com]]>
              </value>
            </param>
          </params>
          <reporter-output>
          </reporter-output>
        </test-method> <!-- precondition -->
        <test-method status="FAIL" signature="ValidLoginLogout()[pri:1, instance:Com.ActiTime.Tests.ValidLoginLogoutTest@3f0ee7cb]" name="ValidLoginLogout" duration-ms="6324" started-at="2019-06-26T06:18:35Z" finished-at="2019-06-26T06:18:41Z">
          <exception class="org.openqa.selenium.ElementClickInterceptedException">
            <message>
              <![CDATA[Element <a id="logoutLink" class="logout" href="/logout.do"> is not clickable at point (1309,17) because another element <div id="preInsertedTransformedMoireId" class="transformedMoireClass"> obscures it
Build info: version: '3.141.59', revision: 'e82be7d358', time: '2018-11-14T08:25:53'
System info: host: 'DESKTOP-488FP15', ip: '192.168.1.22', os.name: 'Windows 10', os.arch: 'amd64', os.version: '10.0', java.version: '1.8.0_201'
Driver info: org.openqa.selenium.remote.RemoteWebDriver
Capabilities {acceptInsecureCerts: false, browserName: firefox, browserVersion: 67.0.4, javascriptEnabled: true, moz:accessibilityChecks: false, moz:buildID: 20190619235627, moz:geckodriverVersion: 0.24.0, moz:headless: false, moz:processID: 8320, moz:profile: C:\Users\APM-SYSTEM\AppData..., moz:shutdownTimeout: 60000, moz:useNonSpecCompliantPointerOrigin: false, moz:webdriverClick: true, pageLoadStrategy: normal, platform: WINDOWS, platformName: WINDOWS, platformVersion: 10.0, rotatable: false, setWindowRect: true, strictFileInteractability: false, timeouts: {implicit: 0, pageLoad: 300000, script: 30000}, unhandledPromptBehavior: dismiss and notify, webdriver.remote.sessionid: b130b0a2-af6a-4cdd-8657-ff8...}
Session ID: b130b0a2-af6a-4cdd-8657-ff85c997f144]]>
            </message>
            <full-stacktrace>
              <![CDATA[org.openqa.selenium.ElementClickInterceptedException: Element <a id="logoutLink" class="logout" href="/logout.do"> is not clickable at point (1309,17) because another element <div id="preInsertedTransformedMoireId" class="transformedMoireClass"> obscures it
Build info: version: '3.141.59', revision: 'e82be7d358', time: '2018-11-14T08:25:53'
System info: host: 'DESKTOP-488FP15', ip: '192.168.1.22', os.name: 'Windows 10', os.arch: 'amd64', os.version: '10.0', java.version: '1.8.0_201'
Driver info: org.openqa.selenium.remote.RemoteWebDriver
Capabilities {acceptInsecureCerts: false, browserName: firefox, browserVersion: 67.0.4, javascriptEnabled: true, moz:accessibilityChecks: false, moz:buildID: 20190619235627, moz:geckodriverVersion: 0.24.0, moz:headless: false, moz:processID: 8320, moz:profile: C:\Users\APM-SYSTEM\AppData..., moz:shutdownTimeout: 60000, moz:useNonSpecCompliantPointerOrigin: false, moz:webdriverClick: true, pageLoadStrategy: normal, platform: WINDOWS, platformName: WINDOWS, platformVersion: 10.0, rotatable: false, setWindowRect: true, strictFileInteractability: false, timeouts: {implicit: 0, pageLoad: 300000, script: 30000}, unhandledPromptBehavior: dismiss and notify, webdriver.remote.sessionid: b130b0a2-af6a-4cdd-8657-ff8...}
Session ID: b130b0a2-af6a-4cdd-8657-ff85c997f144
at sun.reflect.NativeConstructorAccessorImpl.newInstance0(Native Method)
at sun.reflect.NativeConstructorAccessorImpl.newInstance(Unknown Source)
at sun.reflect.DelegatingConstructorAccessorImpl.newInstance(Unknown Source)
at java.lang.reflect.Constructor.newInstance(Unknown Source)
at org.openqa.selenium.remote.http.W3CHttpResponseCodec.createException(W3CHttpResponseCodec.java:187)
at org.openqa.selenium.remote.http.W3CHttpResponseCodec.decode(W3CHttpResponseCodec.java:122)
at org.openqa.selenium.remote.http.W3CHttpResponseCodec.decode(W3CHttpResponseCodec.java:49)
at org.openqa.selenium.remote.HttpCommandExecutor.execute(HttpCommandExecutor.java:158)
at org.openqa.selenium.remote.RemoteWebDriver.execute(RemoteWebDriver.java:552)
at org.openqa.selenium.remote.RemoteWebElement.execute(RemoteWebElement.java:285)
at org.openqa.selenium.remote.RemoteWebElement.click(RemoteWebElement.java:84)
at sun.reflect.NativeMethodAccessorImpl.invoke0(Native Method)
at sun.reflect.NativeMethodAccessorImpl.invoke(Unknown Source)
at sun.reflect.DelegatingMethodAccessorImpl.invoke(Unknown Source)
at java.lang.reflect.Method.invoke(Unknown Source)
at org.openqa.selenium.support.pagefactory.internal.LocatingElementHandler.invoke(LocatingElementHandler.java:51)
at com.sun.proxy.$Proxy9.click(Unknown Source)
at Com.ActiTime.Pages.actiTIMEEnterTimeTrackPage.clickOnLogoutButton(actiTIMEEnterTimeTrackPage.java:23)
at Com.ActiTime.Tests.ValidLoginLogoutTest.ValidLoginLogout(ValidLoginLogoutTest.java:26)
at sun.reflect.NativeMethodAccessorImpl.invoke0(Native Method)
at sun.reflect.NativeMethodAccessorImpl.invoke(Unknown Source)
at sun.reflect.DelegatingMethodAccessorImpl.invoke(Unknown Source)
at java.lang.reflect.Method.invoke(Unknown Source)
at org.testng.internal.MethodInvocationHelper.invokeMethod(MethodInvocationHelper.java:124)
at org.testng.internal.Invoker.invokeMethod(Invoker.java:580)
at org.testng.internal.Invoker.invokeTestMethod(Invoker.java:716)
at org.testng.internal.Invoker.invokeTestMethods(Invoker.java:988)
at org.testng.internal.TestMethodWorker.invokeTestMethods(TestMethodWorker.java:125)
at org.testng.internal.TestMethodWorker.run(TestMethodWorker.java:109)
at org.testng.TestRunner.privateRun(TestRunner.java:648)
at org.testng.TestRunner.run(TestRunner.java:505)
at org.testng.SuiteRunner.runTest(SuiteRunner.java:455)
at org.testng.SuiteRunner.access$000(SuiteRunner.java:40)
at org.testng.SuiteRunner$SuiteWorker.run(SuiteRunner.java:489)
at org.testng.internal.thread.ThreadUtil$1.call(ThreadUtil.java:52)
at java.util.concurrent.FutureTask.run(Unknown Source)
at java.util.concurrent.ThreadPoolExecutor.runWorker(Unknown Source)
at java.util.concurrent.ThreadPoolExecutor$Worker.run(Unknown Source)
at java.lang.Thread.run(Unknown Source)
]]>
            </full-stacktrace>
          </exception> <!-- org.openqa.selenium.ElementClickInterceptedException -->
          <reporter-output>
            <line>
              <![CDATA[Title is matching actiTIME - Login]]>
            </line>
            <line>
              <![CDATA[Title is matching actiTIME - Enter Time-Track]]>
            </line>
          </reporter-output>
        </test-method> <!-- ValidLoginLogout -->
        <test-method status="PASS" signature="postcondition(org.testng.ITestResult)[pri:0, instance:Com.ActiTime.Tests.ValidLoginLogoutTest@3f0ee7cb]" name="postcondition" is-config="true" duration-ms="2116" started-at="2019-06-26T06:18:41Z" finished-at="2019-06-26T06:18:43Z">
          <params>
            <param index="0">
              <value>
                <![CDATA[[TestResult name=ValidLoginLogout status=FAILURE method=ValidLoginLogoutTest.ValidLoginLogout()[pri:1, instance:Com.ActiTime.Tests.ValidLoginLogoutTest@3f0ee7cb] output=Title is matching actiTIME - Login]]]>
              </value>
            </param>
          </params>
          <reporter-output>
          </reporter-output>
        </test-method> <!-- postcondition -->
      </class> <!-- Com.ActiTime.Tests.ValidLoginLogoutTest -->
      <class name="Com.ActiTime.Tests.VerifyversionTest">
        <test-method status="PASS" signature="precondition(java.lang.String, java.lang.String, java.lang.String)[pri:0, instance:Com.ActiTime.Tests.VerifyversionTest@75bd9247]" name="precondition" is-config="true" duration-ms="16725" started-at="2019-06-26T06:19:15Z" finished-at="2019-06-26T06:19:32Z">
          <params>
            <param index="0">
              <value>
                <![CDATA[http://192.168.1.22:4444/wd/hub]]>
              </value>
            </param>
            <param index="1">
              <value>
                <![CDATA[firefox]]>
              </value>
            </param>
            <param index="2">
              <value>
                <![CDATA[https://demo.actitime.com]]>
              </value>
            </param>
          </params>
          <reporter-output>
          </reporter-output>
        </test-method> <!-- precondition -->
        <test-method status="FAIL" signature="Verifyversion()[pri:3, instance:Com.ActiTime.Tests.VerifyversionTest@75bd9247]" name="Verifyversion" duration-ms="152" started-at="2019-06-26T06:19:32Z" finished-at="2019-06-26T06:19:32Z">
          <exception class="java.lang.AssertionError">
            <message>
              <![CDATA[The following asserts failed:
expected [actiTIME 2019.2 Pro] but found [actiTIME 2019.3 Pro]]]>
            </message>
            <full-stacktrace>
              <![CDATA[java.lang.AssertionError: The following asserts failed:
expected [actiTIME 2019.2 Pro] but found [actiTIME 2019.3 Pro]
at org.testng.asserts.SoftAssert.assertAll(SoftAssert.java:43)
at Com.ActiTime.Tests.VerifyversionTest.Verifyversion(VerifyversionTest.java:24)
at sun.reflect.NativeMethodAccessorImpl.invoke0(Native Method)
at sun.reflect.NativeMethodAccessorImpl.invoke(Unknown Source)
at sun.reflect.DelegatingMethodAccessorImpl.invoke(Unknown Source)
at java.lang.reflect.Method.invoke(Unknown Source)
at org.testng.internal.MethodInvocationHelper.invokeMethod(MethodInvocationHelper.java:124)
at org.testng.internal.Invoker.invokeMethod(Invoker.java:580)
at org.testng.internal.Invoker.invokeTestMethod(Invoker.java:716)
at org.testng.internal.Invoker.invokeTestMethods(Invoker.java:988)
at org.testng.internal.TestMethodWorker.invokeTestMethods(TestMethodWorker.java:125)
at org.testng.internal.TestMethodWorker.run(TestMethodWorker.java:109)
at org.testng.TestRunner.privateRun(TestRunner.java:648)
at org.testng.TestRunner.run(TestRunner.java:505)
at org.testng.SuiteRunner.runTest(SuiteRunner.java:455)
at org.testng.SuiteRunner.access$000(SuiteRunner.java:40)
at org.testng.SuiteRunner$SuiteWorker.run(SuiteRunner.java:489)
at org.testng.internal.thread.ThreadUtil$1.call(ThreadUtil.java:52)
at java.util.concurrent.FutureTask.run(Unknown Source)
at java.util.concurrent.ThreadPoolExecutor.runWorker(Unknown Source)
at java.util.concurrent.ThreadPoolExecutor$Worker.run(Unknown Source)
at java.lang.Thread.run(Unknown Source)
]]>
            </full-stacktrace>
          </exception> <!-- java.lang.AssertionError -->
          <reporter-output>
            <line>
              <![CDATA[Title is matching actiTIME - Login]]>
            </line>
            <line>
              <![CDATA[Element is present...]]>
            </line>
            <line>
              <![CDATA[version actiTIME 2019.3 Pro]]>
            </line>
          </reporter-output>
        </test-method> <!-- Verifyversion -->
        <test-method status="PASS" signature="postcondition(org.testng.ITestResult)[pri:0, instance:Com.ActiTime.Tests.VerifyversionTest@75bd9247]" name="postcondition" is-config="true" duration-ms="859" started-at="2019-06-26T06:19:32Z" finished-at="2019-06-26T06:19:33Z">
          <params>
            <param index="0">
              <value>
                <![CDATA[[TestResult name=Verifyversion status=FAILURE method=VerifyversionTest.Verifyversion()[pri:3, instance:Com.ActiTime.Tests.VerifyversionTest@75bd9247] output=Title is matching actiTIME - Login]]]>
              </value>
            </param>
          </params>
          <reporter-output>
          </reporter-output>
        </test-method> <!-- postcondition -->
      </class> <!-- Com.ActiTime.Tests.VerifyversionTest -->
      <class name="Com.ActiTime.Tests.InvalidLoginTest">
        <test-method status="PASS" signature="precondition(java.lang.String, java.lang.String, java.lang.String)[pri:0, instance:Com.ActiTime.Tests.InvalidLoginTest@c818063]" name="precondition" is-config="true" duration-ms="16162" started-at="2019-06-26T06:18:43Z" finished-at="2019-06-26T06:18:59Z">
          <params>
            <param index="0">
              <value>
                <![CDATA[http://192.168.1.22:4444/wd/hub]]>
              </value>
            </param>
            <param index="1">
              <value>
                <![CDATA[firefox]]>
              </value>
            </param>
            <param index="2">
              <value>
                <![CDATA[https://demo.actitime.com]]>
              </value>
            </param>
          </params>
          <reporter-output>
          </reporter-output>
        </test-method> <!-- precondition -->
        <test-method status="PASS" signature="InvalidLogin()[pri:2, instance:Com.ActiTime.Tests.InvalidLoginTest@c818063]" name="InvalidLogin" duration-ms="14669" started-at="2019-06-26T06:18:59Z" finished-at="2019-06-26T06:19:14Z">
          <reporter-output>
            <line>
              <![CDATA[Title is matching actiTIME - Login]]>
            </line>
            <line>
              <![CDATA[User name admin]]>
            </line>
            <line>
              <![CDATA[Password damager]]>
            </line>
            <line>
              <![CDATA[Element is present...]]>
            </line>
            <line>
              <![CDATA[===================================]]>
            </line>
            <line>
              <![CDATA[User name qsp]]>
            </line>
            <line>
              <![CDATA[Password jsp]]>
            </line>
            <line>
              <![CDATA[Element is present...]]>
            </line>
            <line>
              <![CDATA[===================================]]>
            </line>
            <line>
              <![CDATA[User name 45]]>
            </line>
            <line>
              <![CDATA[Password a]]>
            </line>
            <line>
              <![CDATA[Element is present...]]>
            </line>
            <line>
              <![CDATA[===================================]]>
            </line>
            <line>
              <![CDATA[User name a]]>
            </line>
            <line>
              <![CDATA[Password @]]>
            </line>
            <line>
              <![CDATA[Element is present...]]>
            </line>
            <line>
              <![CDATA[===================================]]>
            </line>
            <line>
              <![CDATA[User name 1]]>
            </line>
            <line>
              <![CDATA[Password 2]]>
            </line>
            <line>
              <![CDATA[Element is present...]]>
            </line>
            <line>
              <![CDATA[===================================]]>
            </line>
          </reporter-output>
        </test-method> <!-- InvalidLogin -->
        <test-method status="PASS" signature="postcondition(org.testng.ITestResult)[pri:0, instance:Com.ActiTime.Tests.InvalidLoginTest@c818063]" name="postcondition" is-config="true" duration-ms="778" started-at="2019-06-26T06:19:14Z" finished-at="2019-06-26T06:19:15Z">
          <params>
            <param index="0">
              <value>
                <![CDATA[[TestResult name=InvalidLogin status=SUCCESS method=InvalidLoginTest.InvalidLogin()[pri:2, instance:Com.ActiTime.Tests.InvalidLoginTest@c818063] output=Title is matching actiTIME - Login]]]>
              </value>
            </param>
          </params>
          <reporter-output>
          </reporter-output>
        </test-method> <!-- postcondition -->
      </class> <!-- Com.ActiTime.Tests.InvalidLoginTest -->
    </test> <!-- firefoxTest -->
    <test name="IETest" duration-ms="183718" started-at="2019-06-26T06:18:15Z" finished-at="2019-06-26T06:21:19Z">
      <class name="Com.ActiTime.Tests.ValidLoginLogoutTest">
        <test-method status="PASS" signature="precondition(java.lang.String, java.lang.String, java.lang.String)[pri:0, instance:Com.ActiTime.Tests.ValidLoginLogoutTest@56cbfb61]" name="precondition" is-config="true" duration-ms="16697" started-at="2019-06-26T06:18:15Z" finished-at="2019-06-26T06:18:32Z">
          <params>
            <param index="0">
              <value>
                <![CDATA[http://192.168.1.22:4444/wd/hub]]>
              </value>
            </param>
            <param index="1">
              <value>
                <![CDATA[internet explorer]]>
              </value>
            </param>
            <param index="2">
              <value>
                <![CDATA[https://demo.actitime.com]]>
              </value>
            </param>
          </params>
          <reporter-output>
          </reporter-output>
        </test-method> <!-- precondition -->
        <test-method status="PASS" signature="ValidLoginLogout()[pri:1, instance:Com.ActiTime.Tests.ValidLoginLogoutTest@56cbfb61]" name="ValidLoginLogout" duration-ms="74997" started-at="2019-06-26T06:18:32Z" finished-at="2019-06-26T06:19:47Z">
          <reporter-output>
            <line>
              <![CDATA[Title is matching actiTIME - Login]]>
            </line>
            <line>
              <![CDATA[Title is matching actiTIME - Enter Time-Track]]>
            </line>
            <line>
              <![CDATA[Title is matching actiTIME - Login]]>
            </line>
          </reporter-output>
        </test-method> <!-- ValidLoginLogout -->
        <test-method status="PASS" signature="postcondition(org.testng.ITestResult)[pri:0, instance:Com.ActiTime.Tests.ValidLoginLogoutTest@56cbfb61]" name="postcondition" is-config="true" duration-ms="32" started-at="2019-06-26T06:19:47Z" finished-at="2019-06-26T06:19:47Z">
          <params>
            <param index="0">
              <value>
                <![CDATA[[TestResult name=ValidLoginLogout status=SUCCESS method=ValidLoginLogoutTest.ValidLoginLogout()[pri:1, instance:Com.ActiTime.Tests.ValidLoginLogoutTest@56cbfb61] output=Title is matching actiTIME - Login]]]>
              </value>
            </param>
          </params>
          <reporter-output>
          </reporter-output>
        </test-method> <!-- postcondition -->
      </class> <!-- Com.ActiTime.Tests.ValidLoginLogoutTest -->
      <class name="Com.ActiTime.Tests.VerifyversionTest">
        <test-method status="PASS" signature="precondition(java.lang.String, java.lang.String, java.lang.String)[pri:0, instance:Com.ActiTime.Tests.VerifyversionTest@1134affc]" name="precondition" is-config="true" duration-ms="4604" started-at="2019-06-26T06:21:14Z" finished-at="2019-06-26T06:21:19Z">
          <params>
            <param index="0">
              <value>
                <![CDATA[http://192.168.1.22:4444/wd/hub]]>
              </value>
            </param>
            <param index="1">
              <value>
                <![CDATA[internet explorer]]>
              </value>
            </param>
            <param index="2">
              <value>
                <![CDATA[https://demo.actitime.com]]>
              </value>
            </param>
          </params>
          <reporter-output>
          </reporter-output>
        </test-method> <!-- precondition -->
        <test-method status="FAIL" signature="Verifyversion()[pri:3, instance:Com.ActiTime.Tests.VerifyversionTest@1134affc]" name="Verifyversion" duration-ms="563" started-at="2019-06-26T06:21:19Z" finished-at="2019-06-26T06:21:19Z">
          <exception class="java.lang.AssertionError">
            <message>
              <![CDATA[The following asserts failed:
expected [actiTIME 2019.2 Pro] but found [actiTIME 2019.3 Pro]]]>
            </message>
            <full-stacktrace>
              <![CDATA[java.lang.AssertionError: The following asserts failed:
expected [actiTIME 2019.2 Pro] but found [actiTIME 2019.3 Pro]
at org.testng.asserts.SoftAssert.assertAll(SoftAssert.java:43)
at Com.ActiTime.Tests.VerifyversionTest.Verifyversion(VerifyversionTest.java:24)
at sun.reflect.NativeMethodAccessorImpl.invoke0(Native Method)
at sun.reflect.NativeMethodAccessorImpl.invoke(Unknown Source)
at sun.reflect.DelegatingMethodAccessorImpl.invoke(Unknown Source)
at java.lang.reflect.Method.invoke(Unknown Source)
at org.testng.internal.MethodInvocationHelper.invokeMethod(MethodInvocationHelper.java:124)
at org.testng.internal.Invoker.invokeMethod(Invoker.java:580)
at org.testng.internal.Invoker.invokeTestMethod(Invoker.java:716)
at org.testng.internal.Invoker.invokeTestMethods(Invoker.java:988)
at org.testng.internal.TestMethodWorker.invokeTestMethods(TestMethodWorker.java:125)
at org.testng.internal.TestMethodWorker.run(TestMethodWorker.java:109)
at org.testng.TestRunner.privateRun(TestRunner.java:648)
at org.testng.TestRunner.run(TestRunner.java:505)
at org.testng.SuiteRunner.runTest(SuiteRunner.java:455)
at org.testng.SuiteRunner.access$000(SuiteRunner.java:40)
at org.testng.SuiteRunner$SuiteWorker.run(SuiteRunner.java:489)
at org.testng.internal.thread.ThreadUtil$1.call(ThreadUtil.java:52)
at java.util.concurrent.FutureTask.run(Unknown Source)
at java.util.concurrent.ThreadPoolExecutor.runWorker(Unknown Source)
at java.util.concurrent.ThreadPoolExecutor$Worker.run(Unknown Source)
at java.lang.Thread.run(Unknown Source)
]]>
            </full-stacktrace>
          </exception> <!-- java.lang.AssertionError -->
          <reporter-output>
            <line>
              <![CDATA[Title is matching actiTIME - Login]]>
            </line>
            <line>
              <![CDATA[Element is present...]]>
            </line>
            <line>
              <![CDATA[version actiTIME 2019.3 Pro]]>
            </line>
          </reporter-output>
        </test-method> <!-- Verifyversion -->
        <test-method status="PASS" signature="postcondition(org.testng.ITestResult)[pri:0, instance:Com.ActiTime.Tests.VerifyversionTest@1134affc]" name="postcondition" is-config="true" duration-ms="93" started-at="2019-06-26T06:21:19Z" finished-at="2019-06-26T06:21:19Z">
          <params>
            <param index="0">
              <value>
                <![CDATA[[TestResult name=Verifyversion status=FAILURE method=VerifyversionTest.Verifyversion()[pri:3, instance:Com.ActiTime.Tests.VerifyversionTest@1134affc] output=Title is matching actiTIME - Login]]]>
              </value>
            </param>
          </params>
          <reporter-output>
          </reporter-output>
        </test-method> <!-- postcondition -->
      </class> <!-- Com.ActiTime.Tests.VerifyversionTest -->
      <class name="Com.ActiTime.Tests.InvalidLoginTest">
        <test-method status="PASS" signature="precondition(java.lang.String, java.lang.String, java.lang.String)[pri:0, instance:Com.ActiTime.Tests.InvalidLoginTest@3cb5cdba]" name="precondition" is-config="true" duration-ms="4464" started-at="2019-06-26T06:19:47Z" finished-at="2019-06-26T06:19:52Z">
          <params>
            <param index="0">
              <value>
                <![CDATA[http://192.168.1.22:4444/wd/hub]]>
              </value>
            </param>
            <param index="1">
              <value>
                <![CDATA[internet explorer]]>
              </value>
            </param>
            <param index="2">
              <value>
                <![CDATA[https://demo.actitime.com]]>
              </value>
            </param>
          </params>
          <reporter-output>
          </reporter-output>
        </test-method> <!-- precondition -->
        <test-method status="FAIL" signature="InvalidLogin()[pri:2, instance:Com.ActiTime.Tests.InvalidLoginTest@3cb5cdba]" name="InvalidLogin" duration-ms="82144" started-at="2019-06-26T06:19:52Z" finished-at="2019-06-26T06:21:14Z">
          <exception class="java.lang.AssertionError">
            <message>
              <![CDATA[null]]>
            </message>
            <full-stacktrace>
              <![CDATA[java.lang.AssertionError: null
at org.testng.Assert.fail(Assert.java:96)
at org.testng.Assert.fail(Assert.java:103)
at Com.ActiTime.Generic.BasePage.verifyElement(BasePage.java:42)
at Com.ActiTime.Pages.actiTIMELoginPage.verifyErrorMsg(actiTIMELoginPage.java:39)
at Com.ActiTime.Tests.InvalidLoginTest.InvalidLogin(InvalidLoginTest.java:30)
at sun.reflect.NativeMethodAccessorImpl.invoke0(Native Method)
at sun.reflect.NativeMethodAccessorImpl.invoke(Unknown Source)
at sun.reflect.DelegatingMethodAccessorImpl.invoke(Unknown Source)
at java.lang.reflect.Method.invoke(Unknown Source)
at org.testng.internal.MethodInvocationHelper.invokeMethod(MethodInvocationHelper.java:124)
at org.testng.internal.Invoker.invokeMethod(Invoker.java:580)
at org.testng.internal.Invoker.invokeTestMethod(Invoker.java:716)
at org.testng.internal.Invoker.invokeTestMethods(Invoker.java:988)
at org.testng.internal.TestMethodWorker.invokeTestMethods(TestMethodWorker.java:125)
at org.testng.internal.TestMethodWorker.run(TestMethodWorker.java:109)
at org.testng.TestRunner.privateRun(TestRunner.java:648)
at org.testng.TestRunner.run(TestRunner.java:505)
at org.testng.SuiteRunner.runTest(SuiteRunner.java:455)
at org.testng.SuiteRunner.access$000(SuiteRunner.java:40)
at org.testng.SuiteRunner$SuiteWorker.run(SuiteRunner.java:489)
at org.testng.internal.thread.ThreadUtil$1.call(ThreadUtil.java:52)
at java.util.concurrent.FutureTask.run(Unknown Source)
at java.util.concurrent.ThreadPoolExecutor.runWorker(Unknown Source)
at java.util.concurrent.ThreadPoolExecutor$Worker.run(Unknown Source)
at java.lang.Thread.run(Unknown Source)
]]>
            </full-stacktrace>
          </exception> <!-- java.lang.AssertionError -->
          <reporter-output>
            <line>
              <![CDATA[Title is matching actiTIME - Login]]>
            </line>
            <line>
              <![CDATA[User name admin]]>
            </line>
            <line>
              <![CDATA[Password damager]]>
            </line>
            <line>
              <![CDATA[Element is not  present...]]>
            </line>
          </reporter-output>
        </test-method> <!-- InvalidLogin -->
        <test-method status="PASS" signature="postcondition(org.testng.ITestResult)[pri:0, instance:Com.ActiTime.Tests.InvalidLoginTest@3cb5cdba]" name="postcondition" is-config="true" duration-ms="109" started-at="2019-06-26T06:21:14Z" finished-at="2019-06-26T06:21:14Z">
          <params>
            <param index="0">
              <value>
                <![CDATA[[TestResult name=InvalidLogin status=FAILURE method=InvalidLoginTest.InvalidLogin()[pri:2, instance:Com.ActiTime.Tests.InvalidLoginTest@3cb5cdba] output=Title is matching actiTIME - Login]]]>
              </value>
            </param>
          </params>
          <reporter-output>
          </reporter-output>
        </test-method> <!-- postcondition -->
      </class> <!-- Com.ActiTime.Tests.InvalidLoginTest -->
    </test> <!-- IETest -->
  </suite> <!-- Suite -->
</testng-results>
