<?xml version="1.0" encoding="UTF-8"?>
<!-- Generated by org.testng.reporters.JUnitXMLReporter -->
<testsuite hostname="DESKTOP-488FP15" ignored="0" name="ChromeTest" tests="3" failures="1" timestamp="26 Jun 2019 06:19:29 GMT" time="73.788" errors="0">
  <testcase name="ValidLoginLogout" time="8.799" classname="Com.ActiTime.Tests.ValidLoginLogoutTest"/>
  <testcase name="InvalidLogin" time="14.559" classname="Com.ActiTime.Tests.InvalidLoginTest"/>
  <testcase name="Verifyversion" time="0.139" classname="Com.ActiTime.Tests.VerifyversionTest">
    <failure type="java.lang.AssertionError" message="The following asserts failed:
	expected [actiTIME 2019.2 Pro] but found [actiTIME 2019.3 Pro]">
      <![CDATA[java.lang.AssertionError: The following asserts failed:
expected [actiTIME 2019.2 Pro] but found [actiTIME 2019.3 Pro]
at Com.ActiTime.Tests.VerifyversionTest.Verifyversion(VerifyversionTest.java:24)
at java.util.concurrent.FutureTask.run(Unknown Source)
at java.util.concurrent.ThreadPoolExecutor.runWorker(Unknown Source)
at java.util.concurrent.ThreadPoolExecutor$Worker.run(Unknown Source)
at java.lang.Thread.run(Unknown Source)
... Removed 17 stack frames]]>
    </failure>
  </testcase> <!-- Verifyversion -->
</testsuite> <!-- ChromeTest -->
