<html>
<head>
<title>TestNG:  IETest</title>
<link href="../testng.css" rel="stylesheet" type="text/css" />
<link href="../my-testng.css" rel="stylesheet" type="text/css" />

<style type="text/css">
.log { display: none;} 
.stack-trace { display: none;} 
</style>
<script type="text/javascript">
<!--
function flip(e) {
  current = e.style.display;
  if (current == 'block') {
    e.style.display = 'none';
    return 0;
  }
  else {
    e.style.display = 'block';
    return 1;
  }
}

function toggleBox(szDivId, elem, msg1, msg2)
{
  var res = -1;  if (document.getElementById) {
    res = flip(document.getElementById(szDivId));
  }
  else if (document.all) {
    // this is the way old msie versions work
    res = flip(document.all[szDivId]);
  }
  if(elem) {
    if(res == 0) elem.innerHTML = msg1; else elem.innerHTML = msg2;
  }

}

function toggleAllBoxes() {
  if (document.getElementsByTagName) {
    d = document.getElementsByTagName('div');
    for (i = 0; i < d.length; i++) {
      if (d[i].className == 'log') {
        flip(d[i]);
      }
    }
  }
}

// -->
</script>

</head>
<body>
<h2 align='center'>IETest</h2><table border='1' align="center">
<tr>
<td>Tests passed/Failed/Skipped:</td><td>1/2/0</td>
</tr><tr>
<td>Started on:</td><td>Wed Jun 26 11:48:15 IST 2019</td>
</tr>
<tr><td>Total time:</td><td>183 seconds (183718 ms)</td>
</tr><tr>
<td>Included groups:</td><td></td>
</tr><tr>
<td>Excluded groups:</td><td></td>
</tr>
</table><p/>
<small><i>(Hover the method name to see the test class name)</i></small><p/>
<table width='100%' border='1' class='invocation-failed'>
<tr><td colspan='4' align='center'><b>FAILED TESTS</b></td></tr>
<tr><td><b>Test method</b></td>
<td width="30%"><b>Exception</b></td>
<td width="10%"><b>Time (seconds)</b></td>
<td><b>Instance</b></td>
</tr>
<tr>
<td title='Com.ActiTime.Tests.InvalidLoginTest.InvalidLogin()'><b>InvalidLogin</b><br>Test class: Com.ActiTime.Tests.InvalidLoginTest<br/>
<a href="#Output-931403190" onClick='toggleBox("Output-931403190", this, "Show output", "Hide output");'>Show output</a>

<a href="#Output-931403190" onClick="toggleAllBoxes();">Show all outputs</a>
<div class='log' id="Output-931403190">
Title is matching actiTIME - Login<br/>
User name admin<br/>
Password damager<br/>
Element is not  present...<br/>
</div>
</td>
<td><div><pre>java.lang.AssertionError: null
	at Com.ActiTime.Generic.BasePage.verifyElement(BasePage.java:42)
	at Com.ActiTime.Pages.actiTIMELoginPage.verifyErrorMsg(actiTIMELoginPage.java:39)
	at Com.ActiTime.Tests.InvalidLoginTest.InvalidLogin(InvalidLoginTest.java:30)
	at java.util.concurrent.FutureTask.run(Unknown Source)
	at java.util.concurrent.ThreadPoolExecutor.runWorker(Unknown Source)
	at java.util.concurrent.ThreadPoolExecutor$Worker.run(Unknown Source)
	at java.lang.Thread.run(Unknown Source)
... Removed 18 stack frames</pre></div><a href='#' onClick='toggleBox("stack-trace931403190", this, "Click to show all stack frames", "Click to hide stack frames")'>Click to show all stack frames</a>
<div class='stack-trace' id='stack-trace931403190'><pre>java.lang.AssertionError: null
	at org.testng.Assert.fail(Assert.java:96)
	at org.testng.Assert.fail(Assert.java:103)
	at Com.ActiTime.Generic.BasePage.verifyElement(BasePage.java:42)
	at Com.ActiTime.Pages.actiTIMELoginPage.verifyErrorMsg(actiTIMELoginPage.java:39)
	at Com.ActiTime.Tests.InvalidLoginTest.InvalidLogin(InvalidLoginTest.java:30)
	at sun.reflect.NativeMethodAccessorImpl.invoke0(Native Method)
	at sun.reflect.NativeMethodAccessorImpl.invoke(Unknown Source)
	at sun.reflect.DelegatingMethodAccessorImpl.invoke(Unknown Source)
	at java.lang.reflect.Method.invoke(Unknown Source)
	at org.testng.internal.MethodInvocationHelper.invokeMethod(MethodInvocationHelper.java:124)
	at org.testng.internal.Invoker.invokeMethod(Invoker.java:580)
	at org.testng.internal.Invoker.invokeTestMethod(Invoker.java:716)
	at org.testng.internal.Invoker.invokeTestMethods(Invoker.java:988)
	at org.testng.internal.TestMethodWorker.invokeTestMethods(TestMethodWorker.java:125)
	at org.testng.internal.TestMethodWorker.run(TestMethodWorker.java:109)
	at org.testng.TestRunner.privateRun(TestRunner.java:648)
	at org.testng.TestRunner.run(TestRunner.java:505)
	at org.testng.SuiteRunner.runTest(SuiteRunner.java:455)
	at org.testng.SuiteRunner.access$000(SuiteRunner.java:40)
	at org.testng.SuiteRunner$SuiteWorker.run(SuiteRunner.java:489)
	at org.testng.internal.thread.ThreadUtil$1.call(ThreadUtil.java:52)
	at java.util.concurrent.FutureTask.run(Unknown Source)
	at java.util.concurrent.ThreadPoolExecutor.runWorker(Unknown Source)
	at java.util.concurrent.ThreadPoolExecutor$Worker.run(Unknown Source)
	at java.lang.Thread.run(Unknown Source)
</pre></div></td>
<td>82</td>
<td>Com.ActiTime.Tests.InvalidLoginTest@3cb5cdba</td></tr>
<tr>
<td title='Com.ActiTime.Tests.VerifyversionTest.Verifyversion()'><b>Verifyversion</b><br>Test class: Com.ActiTime.Tests.VerifyversionTest<br/>
<a href="#Output-495404264" onClick='toggleBox("Output-495404264", this, "Show output", "Hide output");'>Show output</a>

<a href="#Output-495404264" onClick="toggleAllBoxes();">Show all outputs</a>
<div class='log' id="Output-495404264">
Title is matching actiTIME - Login<br/>
Element is present...<br/>
version actiTIME 2019.3 Pro<br/>
</div>
</td>
<td><div><pre>java.lang.AssertionError: The following asserts failed:
	expected [actiTIME 2019.2 Pro] but found [actiTIME 2019.3 Pro]
	at Com.ActiTime.Tests.VerifyversionTest.Verifyversion(VerifyversionTest.java:24)
	at java.util.concurrent.FutureTask.run(Unknown Source)
	at java.util.concurrent.ThreadPoolExecutor.runWorker(Unknown Source)
	at java.util.concurrent.ThreadPoolExecutor$Worker.run(Unknown Source)
	at java.lang.Thread.run(Unknown Source)
... Removed 17 stack frames</pre></div><a href='#' onClick='toggleBox("stack-trace495404264", this, "Click to show all stack frames", "Click to hide stack frames")'>Click to show all stack frames</a>
<div class='stack-trace' id='stack-trace495404264'><pre>java.lang.AssertionError: The following asserts failed:
	expected [actiTIME 2019.2 Pro] but found [actiTIME 2019.3 Pro]
	at org.testng.asserts.SoftAssert.assertAll(SoftAssert.java:43)
	at Com.ActiTime.Tests.VerifyversionTest.Verifyversion(VerifyversionTest.java:24)
	at sun.reflect.NativeMethodAccessorImpl.invoke0(Native Method)
	at sun.reflect.NativeMethodAccessorImpl.invoke(Unknown Source)
	at sun.reflect.DelegatingMethodAccessorImpl.invoke(Unknown Source)
	at java.lang.reflect.Method.invoke(Unknown Source)
	at org.testng.internal.MethodInvocationHelper.invokeMethod(MethodInvocationHelper.java:124)
	at org.testng.internal.Invoker.invokeMethod(Invoker.java:580)
	at org.testng.internal.Invoker.invokeTestMethod(Invoker.java:716)
	at org.testng.internal.Invoker.invokeTestMethods(Invoker.java:988)
	at org.testng.internal.TestMethodWorker.invokeTestMethods(TestMethodWorker.java:125)
	at org.testng.internal.TestMethodWorker.run(TestMethodWorker.java:109)
	at org.testng.TestRunner.privateRun(TestRunner.java:648)
	at org.testng.TestRunner.run(TestRunner.java:505)
	at org.testng.SuiteRunner.runTest(SuiteRunner.java:455)
	at org.testng.SuiteRunner.access$000(SuiteRunner.java:40)
	at org.testng.SuiteRunner$SuiteWorker.run(SuiteRunner.java:489)
	at org.testng.internal.thread.ThreadUtil$1.call(ThreadUtil.java:52)
	at java.util.concurrent.FutureTask.run(Unknown Source)
	at java.util.concurrent.ThreadPoolExecutor.runWorker(Unknown Source)
	at java.util.concurrent.ThreadPoolExecutor$Worker.run(Unknown Source)
	at java.lang.Thread.run(Unknown Source)
</pre></div></td>
<td>0</td>
<td>Com.ActiTime.Tests.VerifyversionTest@1134affc</td></tr>
</table><p>
<table width='100%' border='1' class='invocation-passed'>
<tr><td colspan='4' align='center'><b>PASSED TESTS</b></td></tr>
<tr><td><b>Test method</b></td>
<td width="30%"><b>Exception</b></td>
<td width="10%"><b>Time (seconds)</b></td>
<td><b>Instance</b></td>
</tr>
<tr>
<td title='Com.ActiTime.Tests.ValidLoginLogoutTest.ValidLoginLogout()'><b>ValidLoginLogout</b><br>Test class: Com.ActiTime.Tests.ValidLoginLogoutTest<br/>
<a href="#Output-554751486" onClick='toggleBox("Output-554751486", this, "Show output", "Hide output");'>Show output</a>

<a href="#Output-554751486" onClick="toggleAllBoxes();">Show all outputs</a>
<div class='log' id="Output-554751486">
Title is matching actiTIME - Login<br/>
Title is matching actiTIME - Enter Time-Track<br/>
Title is matching actiTIME - Login<br/>
</div>
</td>
<td></td>
<td>74</td>
<td>Com.ActiTime.Tests.ValidLoginLogoutTest@56cbfb61</td></tr>
</table><p>
</body>
</html>