<?xml version="1.0" encoding="UTF-8"?>
<!-- Generated by org.testng.reporters.JUnitXMLReporter -->
<testsuite hostname="DESKTOP-488FP15" ignored="0" name="Test" tests="3" failures="1" timestamp="25 Jun 2019 05:58:44 GMT" time="127.661" errors="0">
  <testcase name="ValidLoginLogout" time="8.794" classname="Com.ActiTime.Tests.ValidLoginLogoutTest"/>
  <testcase name="InvalidLogin" time="13.487" classname="Com.ActiTime.Tests.InvalidLoginTest"/>
  <testcase name="Verifyversion" time="0.124" classname="Com.ActiTime.Tests.VerifyversionTest">
    <failure type="java.lang.AssertionError" message="The following asserts failed:
	expected [actiTIME 2019.2 Pro] but found [actiTIME 2019.3 Pro]">
      <![CDATA[java.lang.AssertionError: The following asserts failed:
expected [actiTIME 2019.2 Pro] but found [actiTIME 2019.3 Pro]
at Com.ActiTime.Tests.VerifyversionTest.Verifyversion(VerifyversionTest.java:24)
... Removed 25 stack frames]]>
    </failure>
  </testcase> <!-- Verifyversion -->
</testsuite> <!-- Test -->
